kotlin version: 2.0.21
error message: java.lang.NoClassDefFoundError: Could not initialize class androidx.room.compiler.codegen.XTypeName
	at androidx.room.solver.types.PrimitiveColumnTypeAdapter$Companion$Primitive.<clinit>(PrimitiveColumnTypeAdapter.kt:50)
	at androidx.room.solver.types.PrimitiveColumnTypeAdapter$Companion.createPrimitiveAdapters(PrimitiveColumnTypeAdapter.kt:73)
	at androidx.room.solver.TypeAdapterStore$Companion.create(TypeAdapterStore.kt:181)
	at androidx.room.processor.Context.typeAdapterStore_delegate$lambda$1(Context.kt:57)
	at kotlin.SynchronizedLazyImpl.getValue(LazyJVM.kt:74)
	at androidx.room.processor.Context.getTypeAdapterStore(Context.kt:53)
	at androidx.room.processor.Context.collectLogs(Context.kt:173)
	at androidx.room.DatabaseProcessingStep.process(DatabaseProcessingStep.kt:68)
	at androidx.room.compiler.processing.CommonProcessorDelegate.processRound(XBasicAnnotationProcessor.kt:134)
	at androidx.room.compiler.processing.ksp.KspBasicAnnotationProcessor.process(KspBasicAnnotationProcessor.kt:62)
	at com.google.devtools.ksp.AbstractKotlinSymbolProcessingExtension$doAnalysis$8$1.invoke(KotlinSymbolProcessingExtension.kt:320)
	at com.google.devtools.ksp.AbstractKotlinSymbolProcessingExtension$doAnalysis$8$1.invoke(KotlinSymbolProcessingExtension.kt:318)
	at com.google.devtools.ksp.AbstractKotlinSymbolProcessingExtension.handleException(KotlinSymbolProcessingExtension.kt:430)
	at com.google.devtools.ksp.AbstractKotlinSymbolProcessingExtension.doAnalysis(KotlinSymbolProcessingExtension.kt:318)
	at org.jetbrains.kotlin.cli.jvm.compiler.TopDownAnalyzerFacadeForJVM.analyzeFilesWithJavaIntegration(TopDownAnalyzerFacadeForJVM.kt:112)
	at org.jetbrains.kotlin.cli.jvm.compiler.TopDownAnalyzerFacadeForJVM.analyzeFilesWithJavaIntegration$default(TopDownAnalyzerFacadeForJVM.kt:75)
	at org.jetbrains.kotlin.cli.jvm.compiler.KotlinToJVMBytecodeCompiler.analyze$lambda$12(KotlinToJVMBytecodeCompiler.kt:373)
	at org.jetbrains.kotlin.cli.common.messages.AnalyzerWithCompilerReport.analyzeAndReport(AnalyzerWithCompilerReport.kt:112)
	at org.jetbrains.kotlin.cli.jvm.compiler.KotlinToJVMBytecodeCompiler.analyze(KotlinToJVMBytecodeCompiler.kt:364)
	at org.jetbrains.kotlin.cli.jvm.compiler.KotlinToJVMBytecodeCompiler.runFrontendAndGenerateIrUsingClassicFrontend(KotlinToJVMBytecodeCompiler.kt:195)
	at org.jetbrains.kotlin.cli.jvm.compiler.KotlinToJVMBytecodeCompiler.compileModules$cli(KotlinToJVMBytecodeCompiler.kt:106)
	at org.jetbrains.kotlin.cli.jvm.K2JVMCompiler.doExecute(K2JVMCompiler.kt:170)
	at org.jetbrains.kotlin.cli.jvm.K2JVMCompiler.doExecute(K2JVMCompiler.kt:43)
	at org.jetbrains.kotlin.cli.common.CLICompiler.execImpl(CLICompiler.kt:103)
	at org.jetbrains.kotlin.cli.common.CLICompiler.execImpl(CLICompiler.kt:49)
	at org.jetbrains.kotlin.cli.common.CLITool.exec(CLITool.kt:101)
	at org.jetbrains.kotlin.daemon.CompileServiceImpl.compile(CompileServiceImpl.kt:1555)
	at java.base/jdk.internal.reflect.DirectMethodHandleAccessor.invoke(DirectMethodHandleAccessor.java:103)
	at java.base/java.lang.reflect.Method.invoke(Method.java:580)
	at java.rmi/sun.rmi.server.UnicastServerRef.dispatch(UnicastServerRef.java:360)
	at java.rmi/sun.rmi.transport.Transport$1.run(Transport.java:200)
	at java.rmi/sun.rmi.transport.Transport$1.run(Transport.java:197)
	at java.base/java.security.AccessController.doPrivileged(AccessController.java:714)
	at java.rmi/sun.rmi.transport.Transport.serviceCall(Transport.java:196)
	at java.rmi/sun.rmi.transport.tcp.TCPTransport.handleMessages(TCPTransport.java:598)
	at java.rmi/sun.rmi.transport.tcp.TCPTransport$ConnectionHandler.run0(TCPTransport.java:844)
	at java.rmi/sun.rmi.transport.tcp.TCPTransport$ConnectionHandler.lambda$run$0(TCPTransport.java:721)
	at java.base/java.security.AccessController.doPrivileged(AccessController.java:400)
	at java.rmi/sun.rmi.transport.tcp.TCPTransport$ConnectionHandler.run(TCPTransport.java:720)
	at java.base/java.util.concurrent.ThreadPoolExecutor.runWorker(ThreadPoolExecutor.java:1144)
	at java.base/java.util.concurrent.ThreadPoolExecutor$Worker.run(ThreadPoolExecutor.java:642)
	at java.base/java.lang.Thread.run(Thread.java:1583)
Caused by: java.lang.ExceptionInInitializerError: Exception java.lang.NoSuchMethodError: 'java.lang.String com.squareup.javapoet.ClassName.canonicalName()' [in thread "RMI TCP Connection(29)-127.0.0.1"]
	at androidx.room.compiler.codegen.XClassName.<init>(XClassName.kt:54)
	at androidx.room.compiler.codegen.XTypeName.<clinit>(XTypeName.kt:141)
	at androidx.room.compiler.processing.ksp.KspType.xTypeName_delegate$lambda$3(KspType.kt:90)
	at kotlin.SynchronizedLazyImpl.getValue(LazyJVM.kt:74)
	at androidx.room.compiler.processing.ksp.KspType.getXTypeName(KspType.kt:69)
	at androidx.room.compiler.processing.ksp.KspType.asTypeName(KspType.kt:63)
	at androidx.room.compiler.processing.ksp.KspAnnotationValueKt.convertValueToType(KspAnnotationValue.kt:119)
	at androidx.room.compiler.processing.ksp.KspAnnotationValueKt.unwrap(KspAnnotationValue.kt:110)
	at androidx.room.compiler.processing.ksp.KspAnnotationValue._init_$lambda$0(KspAnnotationValue.kt:35)
	at androidx.room.compiler.processing.ksp.KspAnnotationValue.value_delegate$lambda$1(KspAnnotationValue.kt:42)
	at kotlin.SynchronizedLazyImpl.getValue(LazyJVM.kt:74)
	at androidx.room.compiler.processing.ksp.KspAnnotationValue.getValue(KspAnnotationValue.kt:42)
	at androidx.room.compiler.processing.ksp.KspAnnotation.annotationValues_delegate$lambda$7(KspAnnotation.kt:54)
	at kotlin.SynchronizedLazyImpl.getValue(LazyJVM.kt:74)
	at androidx.room.compiler.processing.ksp.KspAnnotation.getAnnotationValues(KspAnnotation.kt:51)
	at androidx.room.compiler.processing.InternalXAnnotationKt.unwrapRepeatedAnnotationsFromContainer(InternalXAnnotation.kt:47)
	at androidx.room.compiler.processing.ksp.KspAnnotated.getAllAnnotations$lambda$2(KspAnnotated.kt:40)
	at kotlin.sequences.FlatteningSequence$iterator$1.ensureItemIterator(Sequences.kt:330)
	at kotlin.sequences.FlatteningSequence$iterator$1.hasNext(Sequences.kt:318)
	at kotlin.sequences.SequencesKt___SequencesKt.toList(_Sequences.kt:813)
	at androidx.room.compiler.processing.ksp.KspAnnotated.getAllAnnotations(KspAnnotated.kt:42)
	at androidx.room.compiler.processing.ksp.KspTypeElement.getAllAnnotations(KspTypeElement.kt)
	at androidx.room.compiler.processing.ksp.KspRoundEnv.getElementsAnnotatedWith(KspRoundEnv.kt:120)
	at androidx.room.compiler.processing.CommonProcessorDelegate.processRound(XBasicAnnotationProcessor.kt:95)
	... 33 more


